build/app/intermediates/manifest_merge_blame_file/release/manifest-merger-blame-release-report.txt
1<?xml version="1.0" encoding="utf-8"?>
2<manifest xmlns:android="http://schemas.android.com/apk/res/android"
3    package="com.example.profcosmetic"
4    android:versionCode="1"
5    android:versionName="1.0.0" >
6
7    <uses-sdk
8        android:minSdkVersion="21"
8-->src/main/AndroidManifest.xml
9        android:targetSdkVersion="33" />
9-->src/main/AndroidManifest.xml
10
11    <uses-permission android:name="android.permission.INTERNET" />
11-->[:firebase_messaging] AndroidManifest.xml:7:5-67
11-->[:firebase_messaging] AndroidManifest.xml:7:22-64
12    <uses-permission android:name="android.permission.WAKE_LOCK" />
12-->[:firebase_messaging] AndroidManifest.xml:8:5-68
12-->[:firebase_messaging] AndroidManifest.xml:8:22-65
13    <uses-permission android:name="android.permission.ACCESS_NETWORK_STATE" /> <!-- Permissions options for the `notification` group -->
13-->[:firebase_messaging] AndroidManifest.xml:9:5-79
13-->[:firebase_messaging] AndroidManifest.xml:9:22-76
14    <uses-permission android:name="android.permission.POST_NOTIFICATIONS" /> <!-- Required by older versions of Google Play services to create IID tokens -->
14-->[:firebase_messaging] AndroidManifest.xml:11:5-77
14-->[:firebase_messaging] AndroidManifest.xml:11:22-74
15    <uses-permission android:name="com.google.android.c2dm.permission.RECEIVE" />
15-->[com.google.firebase:firebase-messaging:23.0.8] AndroidManifest.xml:29:5-82
15-->[com.google.firebase:firebase-messaging:23.0.8] AndroidManifest.xml:29:22-79
16    <uses-permission android:name="com.google.android.gms.permission.AD_ID" />
16-->[com.google.android.gms:play-services-measurement-api:21.1.1] AndroidManifest.xml:25:5-79
16-->[com.google.android.gms:play-services-measurement-api:21.1.1] AndroidManifest.xml:25:22-76
17    <uses-permission android:name="com.google.android.finsky.permission.BIND_GET_INSTALL_REFERRER_SERVICE" />
17-->[com.google.android.gms:play-services-measurement:21.1.1] AndroidManifest.xml:26:5-110
17-->[com.google.android.gms:play-services-measurement:21.1.1] AndroidManifest.xml:26:22-107
18
19    <application
20        android:name="android.app.Application"
20-->src/main/AndroidManifest.xml:5:9-42
21        android:appComponentFactory="androidx.core.app.CoreComponentFactory"
21-->[androidx.core:core:1.6.0] AndroidManifest.xml:24:18-86
22        android:icon="@mipmap/ic_launcher"
22-->src/main/AndroidManifest.xml:6:9-43
23        android:label="profcosmetic" >
23-->src/main/AndroidManifest.xml:4:9-37
24        <activity
24-->src/main/AndroidManifest.xml:7:9-28:20
25            android:name="com.example.profcosmetic.MainActivity"
25-->src/main/AndroidManifest.xml:8:13-41
26            android:configChanges="orientation|keyboardHidden|keyboard|screenSize|smallestScreenSize|locale|layoutDirection|fontScale|screenLayout|density|uiMode"
26-->src/main/AndroidManifest.xml:12:13-163
27            android:exported="true"
27-->src/main/AndroidManifest.xml:9:13-36
28            android:hardwareAccelerated="true"
28-->src/main/AndroidManifest.xml:13:13-47
29            android:launchMode="singleTop"
29-->src/main/AndroidManifest.xml:10:13-43
30            android:theme="@style/LaunchTheme"
30-->src/main/AndroidManifest.xml:11:13-47
31            android:windowSoftInputMode="adjustResize" >
31-->src/main/AndroidManifest.xml:14:13-55
32            <meta-data
32-->src/main/AndroidManifest.xml:16:13-18:55
33                android:name="io.flutter.embedding.android.NormalTheme"
33-->src/main/AndroidManifest.xml:17:15-70
34                android:resource="@style/NormalTheme" />
34-->src/main/AndroidManifest.xml:18:15-52
35
36            <intent-filter>
36-->src/main/AndroidManifest.xml:19:13-22:29
37                <action android:name="android.intent.action.MAIN" />
37-->src/main/AndroidManifest.xml:20:17-68
37-->src/main/AndroidManifest.xml:20:25-66
38
39                <category android:name="android.intent.category.LAUNCHER" />
39-->src/main/AndroidManifest.xml:21:17-76
39-->src/main/AndroidManifest.xml:21:27-74
40            </intent-filter>
41            <intent-filter>
41-->src/main/AndroidManifest.xml:24:13-27:29
42                <action android:name="FLUTTER_NOTIFICATION_CLICK" />
42-->src/main/AndroidManifest.xml:25:17-69
42-->src/main/AndroidManifest.xml:25:25-66
43
44                <category android:name="android.intent.category.DEFAULT" />
44-->src/main/AndroidManifest.xml:26:17-76
44-->src/main/AndroidManifest.xml:26:27-73
45            </intent-filter>
46        </activity>
47
48        <meta-data
48-->src/main/AndroidManifest.xml:30:9-32:33
49            android:name="flutterEmbedding"
49-->src/main/AndroidManifest.xml:31:13-44
50            android:value="2" />
50-->src/main/AndroidManifest.xml:32:13-30
51
52        <service
52-->[:firebase_messaging] AndroidManifest.xml:14:9-17:72
53            android:name="io.flutter.plugins.firebase.messaging.FlutterFirebaseMessagingBackgroundService"
53-->[:firebase_messaging] AndroidManifest.xml:15:13-107
54            android:exported="false"
54-->[:firebase_messaging] AndroidManifest.xml:16:13-37
55            android:permission="android.permission.BIND_JOB_SERVICE" />
55-->[:firebase_messaging] AndroidManifest.xml:17:13-69
56        <service
56-->[:firebase_messaging] AndroidManifest.xml:18:9-24:19
57            android:name="io.flutter.plugins.firebase.messaging.FlutterFirebaseMessagingService"
57-->[:firebase_messaging] AndroidManifest.xml:19:13-97
58            android:exported="false" >
58-->[:firebase_messaging] AndroidManifest.xml:20:13-37
59            <intent-filter>
59-->[:firebase_messaging] AndroidManifest.xml:21:13-23:29
60                <action android:name="com.google.firebase.MESSAGING_EVENT" />
60-->[:firebase_messaging] AndroidManifest.xml:22:17-78
60-->[:firebase_messaging] AndroidManifest.xml:22:25-75
61            </intent-filter>
62        </service>
63
64        <receiver
64-->[:firebase_messaging] AndroidManifest.xml:26:9-33:20
65            android:name="io.flutter.plugins.firebase.messaging.FlutterFirebaseMessagingReceiver"
65-->[:firebase_messaging] AndroidManifest.xml:27:13-98
66            android:exported="true"
66-->[:firebase_messaging] AndroidManifest.xml:28:13-36
67            android:permission="com.google.android.c2dm.permission.SEND" >
67-->[:firebase_messaging] AndroidManifest.xml:29:13-73
68            <intent-filter>
68-->[:firebase_messaging] AndroidManifest.xml:30:13-32:29
69                <action android:name="com.google.android.c2dm.intent.RECEIVE" />
69-->[:firebase_messaging] AndroidManifest.xml:31:17-81
69-->[:firebase_messaging] AndroidManifest.xml:31:25-78
70            </intent-filter>
71        </receiver>
72
73        <service
73-->[:firebase_messaging] AndroidManifest.xml:35:9-39:19
74            android:name="com.google.firebase.components.ComponentDiscoveryService"
74-->[:firebase_messaging] AndroidManifest.xml:35:18-89
75            android:directBootAware="true"
75-->[com.google.firebase:firebase-common:20.1.2] AndroidManifest.xml:35:13-43
76            android:exported="false" >
76-->[com.google.firebase:firebase-messaging:23.0.8] AndroidManifest.xml:55:13-37
77            <meta-data
77-->[:firebase_messaging] AndroidManifest.xml:36:13-38:85
78                android:name="com.google.firebase.components:io.flutter.plugins.firebase.messaging.FlutterFirebaseAppRegistrar"
78-->[:firebase_messaging] AndroidManifest.xml:37:17-128
79                android:value="com.google.firebase.components.ComponentRegistrar" />
79-->[:firebase_messaging] AndroidManifest.xml:38:17-82
80            <meta-data
80-->[:firebase_core] AndroidManifest.xml:9:13-11:85
81                android:name="com.google.firebase.components:io.flutter.plugins.firebase.core.FlutterFirebaseCoreRegistrar"
81-->[:firebase_core] AndroidManifest.xml:10:17-124
82                android:value="com.google.firebase.components.ComponentRegistrar" />
82-->[:firebase_core] AndroidManifest.xml:11:17-82
83            <meta-data
83-->[com.google.firebase:firebase-messaging:23.0.8] AndroidManifest.xml:56:13-58:85
84                android:name="com.google.firebase.components:com.google.firebase.messaging.FirebaseMessagingRegistrar"
84-->[com.google.firebase:firebase-messaging:23.0.8] AndroidManifest.xml:57:17-119
85                android:value="com.google.firebase.components.ComponentRegistrar" />
85-->[com.google.firebase:firebase-messaging:23.0.8] AndroidManifest.xml:58:17-82
86            <meta-data
86-->[com.google.firebase:firebase-datatransport:18.1.6] AndroidManifest.xml:28:13-30:85
87                android:name="com.google.firebase.components:com.google.firebase.datatransport.TransportRegistrar"
87-->[com.google.firebase:firebase-datatransport:18.1.6] AndroidManifest.xml:29:17-115
88                android:value="com.google.firebase.components.ComponentRegistrar" />
88-->[com.google.firebase:firebase-datatransport:18.1.6] AndroidManifest.xml:30:17-82
89            <meta-data
89-->[com.google.android.gms:play-services-measurement-api:21.1.1] AndroidManifest.xml:31:13-33:85
90                android:name="com.google.firebase.components:com.google.firebase.analytics.connector.internal.AnalyticsConnectorRegistrar"
90-->[com.google.android.gms:play-services-measurement-api:21.1.1] AndroidManifest.xml:32:17-139
91                android:value="com.google.firebase.components.ComponentRegistrar" />
91-->[com.google.android.gms:play-services-measurement-api:21.1.1] AndroidManifest.xml:33:17-82
92            <meta-data
92-->[com.google.firebase:firebase-installations:17.0.3] AndroidManifest.xml:18:13-20:85
93                android:name="com.google.firebase.components:com.google.firebase.installations.FirebaseInstallationsRegistrar"
93-->[com.google.firebase:firebase-installations:17.0.3] AndroidManifest.xml:19:17-127
94                android:value="com.google.firebase.components.ComponentRegistrar" />
94-->[com.google.firebase:firebase-installations:17.0.3] AndroidManifest.xml:20:17-82
95        </service>
96
97        <provider
97-->[:firebase_messaging] AndroidManifest.xml:41:9-45:38
98            android:name="io.flutter.plugins.firebase.messaging.FlutterFirebaseMessagingInitProvider"
98-->[:firebase_messaging] AndroidManifest.xml:42:13-102
99            android:authorities="com.example.profcosmetic.flutterfirebasemessaginginitprovider"
99-->[:firebase_messaging] AndroidManifest.xml:43:13-88
100            android:exported="false"
100-->[:firebase_messaging] AndroidManifest.xml:44:13-37
101            android:initOrder="99" />
101-->[:firebase_messaging] AndroidManifest.xml:45:13-35
102
103        <uses-library
103-->[androidx.window:window:1.0.0-beta04] AndroidManifest.xml:25:9-27:40
104            android:name="androidx.window.extensions"
104-->[androidx.window:window:1.0.0-beta04] AndroidManifest.xml:26:13-54
105            android:required="false" />
105-->[androidx.window:window:1.0.0-beta04] AndroidManifest.xml:27:13-37
106        <uses-library
106-->[androidx.window:window:1.0.0-beta04] AndroidManifest.xml:28:9-30:40
107            android:name="androidx.window.sidecar"
107-->[androidx.window:window:1.0.0-beta04] AndroidManifest.xml:29:13-51
108            android:required="false" />
108-->[androidx.window:window:1.0.0-beta04] AndroidManifest.xml:30:13-37
109
110        <receiver
110-->[com.google.firebase:firebase-messaging:23.0.8] AndroidManifest.xml:32:9-39:20
111            android:name="com.google.firebase.iid.FirebaseInstanceIdReceiver"
111-->[com.google.firebase:firebase-messaging:23.0.8] AndroidManifest.xml:33:13-78
112            android:exported="true"
112-->[com.google.firebase:firebase-messaging:23.0.8] AndroidManifest.xml:34:13-36
113            android:permission="com.google.android.c2dm.permission.SEND" >
113-->[com.google.firebase:firebase-messaging:23.0.8] AndroidManifest.xml:35:13-73
114            <intent-filter>
114-->[:firebase_messaging] AndroidManifest.xml:30:13-32:29
115                <action android:name="com.google.android.c2dm.intent.RECEIVE" />
115-->[:firebase_messaging] AndroidManifest.xml:31:17-81
115-->[:firebase_messaging] AndroidManifest.xml:31:25-78
116            </intent-filter>
117        </receiver>
118        <!--
119             FirebaseMessagingService performs security checks at runtime,
120             but set to not exported to explicitly avoid allowing another app to call it.
121        -->
122        <service
122-->[com.google.firebase:firebase-messaging:23.0.8] AndroidManifest.xml:45:9-52:19
123            android:name="com.google.firebase.messaging.FirebaseMessagingService"
123-->[com.google.firebase:firebase-messaging:23.0.8] AndroidManifest.xml:46:13-82
124            android:directBootAware="true"
124-->[com.google.firebase:firebase-messaging:23.0.8] AndroidManifest.xml:47:13-43
125            android:exported="false" >
125-->[com.google.firebase:firebase-messaging:23.0.8] AndroidManifest.xml:48:13-37
126            <intent-filter android:priority="-500" >
126-->[:firebase_messaging] AndroidManifest.xml:21:13-23:29
127                <action android:name="com.google.firebase.MESSAGING_EVENT" />
127-->[:firebase_messaging] AndroidManifest.xml:22:17-78
127-->[:firebase_messaging] AndroidManifest.xml:22:25-75
128            </intent-filter>
129        </service>
130        <service
130-->[com.google.android.datatransport:transport-backend-cct:3.1.7] AndroidManifest.xml:29:9-35:19
131            android:name="com.google.android.datatransport.runtime.backends.TransportBackendDiscovery"
131-->[com.google.android.datatransport:transport-backend-cct:3.1.7] AndroidManifest.xml:30:13-103
132            android:exported="false" >
132-->[com.google.android.datatransport:transport-backend-cct:3.1.7] AndroidManifest.xml:31:13-37
133            <meta-data
133-->[com.google.android.datatransport:transport-backend-cct:3.1.7] AndroidManifest.xml:32:13-34:39
134                android:name="backend:com.google.android.datatransport.cct.CctBackendFactory"
134-->[com.google.android.datatransport:transport-backend-cct:3.1.7] AndroidManifest.xml:33:17-94
135                android:value="cct" />
135-->[com.google.android.datatransport:transport-backend-cct:3.1.7] AndroidManifest.xml:34:17-36
136        </service>
137        <service
137-->[com.google.android.datatransport:transport-runtime:3.1.7] AndroidManifest.xml:26:9-30:19
138            android:name="com.google.android.datatransport.runtime.scheduling.jobscheduling.JobInfoSchedulerService"
138-->[com.google.android.datatransport:transport-runtime:3.1.7] AndroidManifest.xml:27:13-117
139            android:exported="false"
139-->[com.google.android.datatransport:transport-runtime:3.1.7] AndroidManifest.xml:28:13-37
140            android:permission="android.permission.BIND_JOB_SERVICE" >
140-->[com.google.android.datatransport:transport-runtime:3.1.7] AndroidManifest.xml:29:13-69
141        </service>
142
143        <receiver
143-->[com.google.android.datatransport:transport-runtime:3.1.7] AndroidManifest.xml:32:9-34:40
144            android:name="com.google.android.datatransport.runtime.scheduling.jobscheduling.AlarmManagerSchedulerBroadcastReceiver"
144-->[com.google.android.datatransport:transport-runtime:3.1.7] AndroidManifest.xml:33:13-132
145            android:exported="false" />
145-->[com.google.android.datatransport:transport-runtime:3.1.7] AndroidManifest.xml:34:13-37
146
147        <provider
147-->[com.google.firebase:firebase-common:20.1.2] AndroidManifest.xml:26:9-31:39
148            android:name="com.google.firebase.provider.FirebaseInitProvider"
148-->[com.google.firebase:firebase-common:20.1.2] AndroidManifest.xml:27:13-77
149            android:authorities="com.example.profcosmetic.firebaseinitprovider"
149-->[com.google.firebase:firebase-common:20.1.2] AndroidManifest.xml:28:13-72
150            android:directBootAware="true"
150-->[com.google.firebase:firebase-common:20.1.2] AndroidManifest.xml:29:13-43
151            android:exported="false"
151-->[com.google.firebase:firebase-common:20.1.2] AndroidManifest.xml:30:13-37
152            android:initOrder="100" />
152-->[com.google.firebase:firebase-common:20.1.2] AndroidManifest.xml:31:13-36
153
154        <receiver
154-->[com.google.android.gms:play-services-measurement:21.1.1] AndroidManifest.xml:29:9-33:20
155            android:name="com.google.android.gms.measurement.AppMeasurementReceiver"
155-->[com.google.android.gms:play-services-measurement:21.1.1] AndroidManifest.xml:30:13-85
156            android:enabled="true"
156-->[com.google.android.gms:play-services-measurement:21.1.1] AndroidManifest.xml:31:13-35
157            android:exported="false" >
157-->[com.google.android.gms:play-services-measurement:21.1.1] AndroidManifest.xml:32:13-37
158        </receiver>
159
160        <service
160-->[com.google.android.gms:play-services-measurement:21.1.1] AndroidManifest.xml:35:9-38:40
161            android:name="com.google.android.gms.measurement.AppMeasurementService"
161-->[com.google.android.gms:play-services-measurement:21.1.1] AndroidManifest.xml:36:13-84
162            android:enabled="true"
162-->[com.google.android.gms:play-services-measurement:21.1.1] AndroidManifest.xml:37:13-35
163            android:exported="false" />
163-->[com.google.android.gms:play-services-measurement:21.1.1] AndroidManifest.xml:38:13-37
164        <service
164-->[com.google.android.gms:play-services-measurement:21.1.1] AndroidManifest.xml:39:9-43:72
165            android:name="com.google.android.gms.measurement.AppMeasurementJobService"
165-->[com.google.android.gms:play-services-measurement:21.1.1] AndroidManifest.xml:40:13-87
166            android:enabled="true"
166-->[com.google.android.gms:play-services-measurement:21.1.1] AndroidManifest.xml:41:13-35
167            android:exported="false"
167-->[com.google.android.gms:play-services-measurement:21.1.1] AndroidManifest.xml:42:13-37
168            android:permission="android.permission.BIND_JOB_SERVICE" />
168-->[com.google.android.gms:play-services-measurement:21.1.1] AndroidManifest.xml:43:13-69
169
170        <activity
170-->[com.google.android.gms:play-services-base:18.0.1] AndroidManifest.xml:20:9-22:45
171            android:name="com.google.android.gms.common.api.GoogleApiActivity"
171-->[com.google.android.gms:play-services-base:18.0.1] AndroidManifest.xml:20:19-85
172            android:exported="false"
172-->[com.google.android.gms:play-services-base:18.0.1] AndroidManifest.xml:22:19-43
173            android:theme="@android:style/Theme.Translucent.NoTitleBar" />
173-->[com.google.android.gms:play-services-base:18.0.1] AndroidManifest.xml:21:19-78
174
175        <meta-data
175-->[com.google.android.gms:play-services-basement:18.1.0] AndroidManifest.xml:21:9-23:69
176            android:name="com.google.android.gms.version"
176-->[com.google.android.gms:play-services-basement:18.1.0] AndroidManifest.xml:22:13-58
177            android:value="@integer/google_play_services_version" />
177-->[com.google.android.gms:play-services-basement:18.1.0] AndroidManifest.xml:23:13-66
178    </application>
179
180</manifest>